<?xml version="1.0" encoding="UTF-8"?>
<testng-results skipped="0" failed="0" ignored="0" total="1" passed="1">
  <reporter-output>
  </reporter-output>
  <suite name="Suite" duration-ms="263375" started-at="2020-08-03T19:34:13Z" finished-at="2020-08-03T19:38:36Z">
    <groups>
      <group name="cucumber">
        <method signature="AbstractTestNGCucumberTests.feature(cucumber.api.testng.CucumberFeatureWrapper)[pri:0, instance:assigment.DriverScript.DriverScript@527740a2]" name="feature" class="cucumber.api.testng.AbstractTestNGCucumberTests"/>
      </group> <!-- cucumber -->
    </groups>
    <test name="Firefox Browser" duration-ms="263375" started-at="2020-08-03T19:34:13Z" finished-at="2020-08-03T19:38:36Z">
      <class name="assigment.DriverScript.DriverScript">
        <test-method status="PASS" signature="beforeTest(java.lang.String, java.lang.String)[pri:0, instance:assigment.DriverScript.DriverScript@527740a2]" name="beforeTest" is-config="true" duration-ms="25142" started-at="2020-08-03T19:34:13Z" finished-at="2020-08-03T19:34:38Z">
          <params>
            <param index="0">
              <value>
                <![CDATA[App]]>
              </value>
            </param>
            <param index="1">
              <value>
                <![CDATA[Firefox]]>
              </value>
            </param>
          </params>
          <reporter-output>
          </reporter-output>
        </test-method> <!-- beforeTest -->
        <test-method status="PASS" signature="setUpClass()[pri:0, instance:assigment.DriverScript.DriverScript@527740a2]" name="setUpClass" is-config="true" duration-ms="1395" started-at="2020-08-03T19:34:38Z" finished-at="2020-08-03T19:34:39Z">
          <reporter-output>
          </reporter-output>
        </test-method> <!-- setUpClass -->
        <test-method status="PASS" signature="feature(cucumber.api.testng.CucumberFeatureWrapper)[pri:0, instance:assigment.DriverScript.DriverScript@527740a2]" name="feature" duration-ms="236192" started-at="2020-08-03T19:34:40Z" description="Runs Cucumber Feature" data-provider="features" finished-at="2020-08-03T19:38:36Z">
          <params>
            <param index="0">
              <value>
                <![CDATA[Login functionality]]>
              </value>
            </param>
          </params>
          <reporter-output>
          </reporter-output>
        </test-method> <!-- feature -->
        <test-method status="PASS" signature="tearDownClass()[pri:0, instance:assigment.DriverScript.DriverScript@527740a2]" name="tearDownClass" is-config="true" duration-ms="65" started-at="2020-08-03T19:38:36Z" finished-at="2020-08-03T19:38:36Z">
          <reporter-output>
          </reporter-output>
        </test-method> <!-- tearDownClass -->
        <test-method status="PASS" signature="endSession()[pri:0, instance:assigment.DriverScript.DriverScript@527740a2]" name="endSession" is-config="true" duration-ms="1" started-at="2020-08-03T19:38:36Z" finished-at="2020-08-03T19:38:36Z">
          <reporter-output>
          </reporter-output>
        </test-method> <!-- endSession -->
      </class> <!-- assigment.DriverScript.DriverScript -->
    </test> <!-- Firefox Browser -->
  </suite> <!-- Suite -->
</testng-results>
